<?xml version="1.0" encoding="UTF-8"?>
<coverage generated="1682598067906" clover="3.2.0">
  <project timestamp="1682598067906" name="All files">
    <metrics statements="3" coveredstatements="3" conditionals="5" coveredconditionals="4" methods="1" coveredmethods="1" elements="9" coveredelements="8" complexity="0" loc="3" ncloc="3" packages="1" files="1" classes="1"/>
    <file name="index.ts" path="/Users/josh/Desktop/codeworks/job/job-tests/user-profile-progress/src/utils/index.ts">
      <metrics statements="3" coveredstatements="3" conditionals="5" coveredconditionals="4" methods="1" coveredmethods="1"/>
      <line num="2" count="8" type="cond" truecount="2" falsecount="0"/>
      <line num="3" count="6" type="stmt"/>
      <line num="4" count="6" type="cond" truecount="2" falsecount="0"/>
    </file>
  </project>
</coverage>
