{"/Users/josh/Desktop/codeworks/job/job-tests/user-profile-progress/src/utils/index.ts": {"path":"/Users/josh/Desktop/codeworks/job/job-tests/user-profile-progress/src/utils/index.ts","statementMap":{"0":{"start":{"line":2,"column":2},"end":{"line":2,"column":null}},"1":{"start":{"line":2,"column":32},"end":{"line":2,"column":null}},"2":{"start":{"line":3,"column":17},"end":{"line":3,"column":null}},"3":{"start":{"line":4,"column":2},"end":{"line":4,"column":null}}},"fnMap":{"0":{"name":"calculatePercentage","decl":{"start":{"line":1,"column":16},"end":{"line":1,"column":36}},"loc":{"start":{"line":1,"column":73},"end":{"line":5,"column":null}}}},"branchMap":{"0":{"loc":{"start":{"line":1,"column":57},"end":{"line":1,"column":73}},"type":"default-arg","locations":[{"start":{"line":1,"column":70},"end":{"line":1,"column":73}}]},"1":{"loc":{"start":{"line":2,"column":2},"end":{"line":2,"column":null}},"type":"if","locations":[{"start":{"line":2,"column":2},"end":{"line":2,"column":null}},{"start":{"line":2,"column":2},"end":{"line":2,"column":null}}]},"2":{"loc":{"start":{"line":4,"column":9},"end":{"line":4,"column":null}},"type":"cond-expr","locations":[{"start":{"line":4,"column":22},"end":{"line":4,"column":26}},{"start":{"line":4,"column":26},"end":{"line":4,"column":null}}]}},"s":{"0":8,"1":2,"2":6,"3":6},"f":{"0":8},"b":{"0":[0],"1":[2,6],"2":[1,5]}}
}
